# JRE version: OpenJDK Runtime Environment (17.0.6) (build 17.0.6+0-b2043.56-9586694)
# Java VM: OpenJDK 64-Bit Server VM (17.0.6+0-b2043.56-9586694, mixed mode, tiered, compressed oops, compressed class ptrs, g1 gc, windows-amd64)
GC Precious Log:
 CPUs: 4 total, 4 available
 Memory: 8025M
 Large Page Support: Disabled
 NUMA Support: Disabled
 Compressed Oops: Enabled (32-bit)
 Heap Region Size: 1M
 Heap Min Capacity: 8M
 Heap Initial Capacity: 126M
 Heap Max Capacity: 2G
 Pre-touch: Disabled
 Parallel Workers: 4
 Concurrent Workers: 1
 Concurrent Refinement Workers: 4
 Periodic GC: Disabled
Heap:
 garbage-first heap   total 396288K, used 227366K [0x0000000080000000, 0x0000000100000000)
  region size 1024K, 3 young (3072K), 3 survivors (3072K)
 Metaspace       used 118207K, committed 119296K, reserved 1155072K
  class space    used 15775K, committed 16320K, reserved 1048576K
GC Heap History (20 events):
Event: 211.065 GC heap after
{Heap after GC invocations=51 (full 0):
 garbage-first heap   total 286720K, used 136540K [0x0000000080000000, 0x0000000100000000)
  region size 1024K, 2 young (2048K), 2 survivors (2048K)
 Metaspace       used 110234K, committed 110976K, reserved 1146880K
  class space    used 14676K, committed 15040K, reserved 1048576K
}
Event: 211.337 GC heap before
{Heap before GC invocations=51 (full 0):
 garbage-first heap   total 286720K, used 189788K [0x0000000080000000, 0x0000000100000000)
  region size 1024K, 42 young (43008K), 2 survivors (2048K)
 Metaspace       used 110267K, committed 111040K, reserved 1146880K
  class space    used 14676K, committed 15040K, reserved 1048576K
}
Event: 211.360 GC heap after
{Heap after GC invocations=52 (full 0):
 garbage-first heap   total 286720K, used 163328K [0x0000000080000000, 0x0000000100000000)
  region size 1024K, 10 young (10240K), 10 survivors (10240K)
 Metaspace       used 110267K, committed 111040K, reserved 1146880K
  class space    used 14676K, committed 15040K, reserved 1048576K
}
Event: 213.756 GC heap before
{Heap before GC invocations=53 (full 0):
 garbage-first heap   total 293888K, used 211456K [0x0000000080000000, 0x0000000100000000)
  region size 1024K, 55 young (56320K), 10 survivors (10240K)
 Metaspace       used 110470K, committed 111360K, reserved 1146880K
  class space    used 14692K, committed 15104K, reserved 1048576K
}
Event: 213.777 GC heap after
{Heap after GC invocations=54 (full 0):
 garbage-first heap   total 293888K, used 166400K [0x0000000080000000, 0x0000000100000000)
  region size 1024K, 7 young (7168K), 7 survivors (7168K)
 Metaspace       used 110470K, committed 111360K, reserved 1146880K
  class space    used 14692K, committed 15104K, reserved 1048576K
}
Event: 213.793 GC heap before
{Heap before GC invocations=54 (full 0):
 garbage-first heap   total 293888K, used 173568K [0x0000000080000000, 0x0000000100000000)
  region size 1024K, 14 young (14336K), 7 survivors (7168K)
 Metaspace       used 110473K, committed 111360K, reserved 1146880K
  class space    used 14692K, committed 15104K, reserved 1048576K
}
Event: 213.809 GC heap after
{Heap after GC invocations=55 (full 0):
 garbage-first heap   total 293888K, used 156672K [0x0000000080000000, 0x0000000100000000)
  region size 1024K, 2 young (2048K), 2 survivors (2048K)
 Metaspace       used 110473K, committed 111360K, reserved 1146880K
  class space    used 14692K, committed 15104K, reserved 1048576K
}
Event: 214.148 GC heap before
{Heap before GC invocations=55 (full 0):
 garbage-first heap   total 293888K, used 178176K [0x0000000080000000, 0x0000000100000000)
  region size 1024K, 24 young (24576K), 2 survivors (2048K)
 Metaspace       used 110534K, committed 111360K, reserved 1146880K
  class space    used 14693K, committed 15104K, reserved 1048576K
}
Event: 214.158 GC heap after
{Heap after GC invocations=56 (full 0):
 garbage-first heap   total 293888K, used 157319K [0x0000000080000000, 0x0000000100000000)
  region size 1024K, 3 young (3072K), 3 survivors (3072K)
 Metaspace       used 110534K, committed 111360K, reserved 1146880K
  class space    used 14693K, committed 15104K, reserved 1048576K
}
Event: 341.901 GC heap before
{Heap before GC invocations=57 (full 0):
 garbage-first heap   total 293888K, used 270983K [0x0000000080000000, 0x0000000100000000)
  region size 1024K, 55 young (56320K), 3 survivors (3072K)
 Metaspace       used 112982K, committed 114048K, reserved 1155072K
  class space    used 15077K, committed 15616K, reserved 1048576K
}
Event: 341.913 GC heap after
{Heap after GC invocations=58 (full 0):
 garbage-first heap   total 293888K, used 206119K [0x0000000080000000, 0x0000000100000000)
  region size 1024K, 8 young (8192K), 8 survivors (8192K)
 Metaspace       used 112982K, committed 114048K, reserved 1155072K
  class space    used 15077K, committed 15616K, reserved 1048576K
}
Event: 342.098 GC heap before
{Heap before GC invocations=58 (full 0):
 garbage-first heap   total 293888K, used 211239K [0x0000000080000000, 0x0000000100000000)
  region size 1024K, 14 young (14336K), 8 survivors (8192K)
 Metaspace       used 112989K, committed 114048K, reserved 1155072K
  class space    used 15077K, committed 15616K, reserved 1048576K
}
Event: 342.110 GC heap after
{Heap after GC invocations=59 (full 0):
 garbage-first heap   total 293888K, used 195590K [0x0000000080000000, 0x0000000100000000)
  region size 1024K, 1 young (1024K), 1 survivors (1024K)
 Metaspace       used 112989K, committed 114048K, reserved 1155072K
  class space    used 15077K, committed 15616K, reserved 1048576K
}
Event: 342.662 GC heap before
{Heap before GC invocations=59 (full 0):
 garbage-first heap   total 293888K, used 218118K [0x0000000080000000, 0x0000000100000000)
  region size 1024K, 24 young (24576K), 1 survivors (1024K)
 Metaspace       used 113930K, committed 114944K, reserved 1155072K
  class space    used 15192K, committed 15680K, reserved 1048576K
}
Event: 342.670 GC heap after
{Heap after GC invocations=60 (full 0):
 garbage-first heap   total 293888K, used 198811K [0x0000000080000000, 0x0000000100000000)
  region size 1024K, 4 young (4096K), 4 survivors (4096K)
 Metaspace       used 113930K, committed 114944K, reserved 1155072K
  class space    used 15192K, committed 15680K, reserved 1048576K
}
Event: 343.472 GC heap before
{Heap before GC invocations=61 (full 0):
 garbage-first heap   total 396288K, used 266395K [0x0000000080000000, 0x0000000100000000)
  region size 1024K, 43 young (44032K), 4 survivors (4096K)
 Metaspace       used 116137K, committed 117184K, reserved 1155072K
  class space    used 15510K, committed 16064K, reserved 1048576K
}
Event: 343.489 GC heap after
{Heap after GC invocations=62 (full 0):
 garbage-first heap   total 396288K, used 233934K [0x0000000080000000, 0x0000000100000000)
  region size 1024K, 6 young (6144K), 6 survivors (6144K)
 Metaspace       used 116137K, committed 117184K, reserved 1155072K
  class space    used 15510K, committed 16064K, reserved 1048576K
}
Event: 343.735 GC heap before
{Heap before GC invocations=62 (full 0):
 garbage-first heap   total 396288K, used 246222K [0x0000000080000000, 0x0000000100000000)
  region size 1024K, 19 young (19456K), 6 survivors (6144K)
 Metaspace       used 116547K, committed 117568K, reserved 1155072K
  class space    used 15566K, committed 16064K, reserved 1048576K
}
Event: 343.746 GC heap after
{Heap after GC invocations=63 (full 0):
 garbage-first heap   total 396288K, used 226207K [0x0000000080000000, 0x0000000100000000)
  region size 1024K, 1 young (1024K), 1 survivors (1024K)
 Metaspace       used 116547K, committed 117568K, reserved 1155072K
  class space    used 15566K, committed 16064K, reserved 1048576K
}
Event: 344.097 GC heap before
{Heap before GC invocations=63 (full 0):
 garbage-first heap   total 396288K, used 238495K [0x0000000080000000, 0x0000000100000000)
  region size 1024K, 15 young (15360K), 1 survivors (1024K)
 Metaspace       used 118207K, committed 119296K, reserved 1155072K
  class space    used 15775K, committed 16320K, reserved 1048576K
}

