# JRE version: OpenJDK Runtime Environment (17.0.6) (build 17.0.6+0-b2043.56-9586694)
# Java VM: OpenJDK 64-Bit Server VM (17.0.6+0-b2043.56-9586694, mixed mode, tiered, compressed oops, compressed class ptrs, g1 gc, windows-amd64)
GC Precious Log:
 CPUs: 4 total, 4 available
 Memory: 8025M
 Large Page Support: Disabled
 NUMA Support: Disabled
 Compressed Oops: Enabled (32-bit)
 Heap Region Size: 1M
 Heap Min Capacity: 8M
 Heap Initial Capacity: 126M
 Heap Max Capacity: 2G
 Pre-touch: Disabled
 Parallel Workers: 4
 Concurrent Workers: 1
 Concurrent Refinement Workers: 4
 Periodic GC: Disabled
Heap:
 garbage-first heap   total 483328K, used 289244K [0x0000000080000000, 0x0000000100000000)
  region size 1024K, 18 young (18432K), 18 survivors (18432K)
 Metaspace       used 161779K, committed 163136K, reserved 1196032K
  class space    used 21286K, committed 21952K, reserved 1048576K
GC Heap History (20 events):
Event: 591.165 GC heap after
{Heap after GC invocations=53 (full 0):
 garbage-first heap   total 386048K, used 292855K [0x0000000080000000, 0x0000000100000000)
  region size 1024K, 4 young (4096K), 4 survivors (4096K)
 Metaspace       used 159069K, committed 160320K, reserved 1187840K
  class space    used 21142K, committed 21760K, reserved 1048576K
}
Event: 593.889 GC heap before
{Heap before GC invocations=53 (full 0):
 garbage-first heap   total 386048K, used 329719K [0x0000000080000000, 0x0000000100000000)
  region size 1024K, 41 young (41984K), 4 survivors (4096K)
 Metaspace       used 159282K, committed 160512K, reserved 1187840K
  class space    used 21156K, committed 21760K, reserved 1048576K
}
Event: 593.905 GC heap after
{Heap after GC invocations=54 (full 0):
 garbage-first heap   total 386048K, used 297275K [0x0000000080000000, 0x0000000100000000)
  region size 1024K, 5 young (5120K), 5 survivors (5120K)
 Metaspace       used 159282K, committed 160512K, reserved 1187840K
  class space    used 21156K, committed 21760K, reserved 1048576K
}
Event: 594.066 GC heap before
{Heap before GC invocations=54 (full 0):
 garbage-first heap   total 386048K, used 331067K [0x0000000080000000, 0x0000000100000000)
  region size 1024K, 39 young (39936K), 5 survivors (5120K)
 Metaspace       used 159339K, committed 160576K, reserved 1187840K
  class space    used 21156K, committed 21760K, reserved 1048576K
}
Event: 594.072 GC heap after
{Heap after GC invocations=55 (full 0):
 garbage-first heap   total 386048K, used 296103K [0x0000000080000000, 0x0000000100000000)
  region size 1024K, 3 young (3072K), 3 survivors (3072K)
 Metaspace       used 159339K, committed 160576K, reserved 1187840K
  class space    used 21156K, committed 21760K, reserved 1048576K
}
Event: 594.111 GC heap before
{Heap before GC invocations=55 (full 0):
 garbage-first heap   total 386048K, used 332967K [0x0000000080000000, 0x0000000100000000)
  region size 1024K, 39 young (39936K), 3 survivors (3072K)
 Metaspace       used 159343K, committed 160576K, reserved 1187840K
  class space    used 21156K, committed 21760K, reserved 1048576K
}
Event: 594.114 GC heap after
{Heap after GC invocations=56 (full 0):
 garbage-first heap   total 386048K, used 297036K [0x0000000080000000, 0x0000000100000000)
  region size 1024K, 4 young (4096K), 4 survivors (4096K)
 Metaspace       used 159343K, committed 160576K, reserved 1187840K
  class space    used 21156K, committed 21760K, reserved 1048576K
}
Event: 594.219 GC heap before
{Heap before GC invocations=56 (full 0):
 garbage-first heap   total 386048K, used 304204K [0x0000000080000000, 0x0000000100000000)
  region size 1024K, 12 young (12288K), 4 survivors (4096K)
 Metaspace       used 159376K, committed 160576K, reserved 1187840K
  class space    used 21156K, committed 21760K, reserved 1048576K
}
Event: 594.223 GC heap after
{Heap after GC invocations=57 (full 0):
 garbage-first heap   total 386048K, used 294456K [0x0000000080000000, 0x0000000100000000)
  region size 1024K, 1 young (1024K), 1 survivors (1024K)
 Metaspace       used 159376K, committed 160576K, reserved 1187840K
  class space    used 21156K, committed 21760K, reserved 1048576K
}
Event: 599.945 GC heap before
{Heap before GC invocations=58 (full 0):
 garbage-first heap   total 483328K, used 322104K [0x0000000080000000, 0x0000000100000000)
  region size 1024K, 41 young (41984K), 1 survivors (1024K)
 Metaspace       used 159872K, committed 161216K, reserved 1196032K
  class space    used 21229K, committed 21888K, reserved 1048576K
}
Event: 599.955 GC heap after
{Heap after GC invocations=59 (full 0):
 garbage-first heap   total 483328K, used 287903K [0x0000000080000000, 0x0000000100000000)
  region size 1024K, 6 young (6144K), 6 survivors (6144K)
 Metaspace       used 159872K, committed 161216K, reserved 1196032K
  class space    used 21229K, committed 21888K, reserved 1048576K
}
Event: 600.208 GC heap before
{Heap before GC invocations=59 (full 0):
 garbage-first heap   total 483328K, used 305311K [0x0000000080000000, 0x0000000100000000)
  region size 1024K, 23 young (23552K), 6 survivors (6144K)
 Metaspace       used 159913K, committed 161216K, reserved 1196032K
  class space    used 21229K, committed 21888K, reserved 1048576K
}
Event: 600.249 GC heap after
{Heap after GC invocations=60 (full 0):
 garbage-first heap   total 483328K, used 266774K [0x0000000080000000, 0x0000000100000000)
  region size 1024K, 3 young (3072K), 3 survivors (3072K)
 Metaspace       used 159913K, committed 161216K, reserved 1196032K
  class space    used 21229K, committed 21888K, reserved 1048576K
}
Event: 602.955 GC heap before
{Heap before GC invocations=60 (full 0):
 garbage-first heap   total 483328K, used 413206K [0x0000000080000000, 0x0000000100000000)
  region size 1024K, 144 young (147456K), 3 survivors (3072K)
 Metaspace       used 160857K, committed 162176K, reserved 1196032K
  class space    used 21232K, committed 21888K, reserved 1048576K
}
Event: 602.983 GC heap after
{Heap after GC invocations=61 (full 0):
 garbage-first heap   total 483328K, used 273942K [0x0000000080000000, 0x0000000100000000)
  region size 1024K, 10 young (10240K), 10 survivors (10240K)
 Metaspace       used 160857K, committed 162176K, reserved 1196032K
  class space    used 21232K, committed 21888K, reserved 1048576K
}
Event: 667.906 GC heap before
{Heap before GC invocations=62 (full 0):
 garbage-first heap   total 483328K, used 456214K [0x0000000080000000, 0x0000000100000000)
  region size 1024K, 144 young (147456K), 10 survivors (10240K)
 Metaspace       used 161307K, committed 162624K, reserved 1196032K
  class space    used 21248K, committed 21888K, reserved 1048576K
}
Event: 667.965 GC heap after
{Heap after GC invocations=63 (full 0):
 garbage-first heap   total 483328K, used 274885K [0x0000000080000000, 0x0000000100000000)
  region size 1024K, 11 young (11264K), 11 survivors (11264K)
 Metaspace       used 161307K, committed 162624K, reserved 1196032K
  class space    used 21248K, committed 21888K, reserved 1048576K
}
Event: 668.092 GC heap before
{Heap before GC invocations=63 (full 0):
 garbage-first heap   total 483328K, used 286149K [0x0000000080000000, 0x0000000100000000)
  region size 1024K, 23 young (23552K), 11 survivors (11264K)
 Metaspace       used 161401K, committed 162816K, reserved 1196032K
  class space    used 21267K, committed 21952K, reserved 1048576K
}
Event: 668.120 GC heap after
{Heap after GC invocations=64 (full 0):
 garbage-first heap   total 483328K, used 269232K [0x0000000080000000, 0x0000000100000000)
  region size 1024K, 2 young (2048K), 2 survivors (2048K)
 Metaspace       used 161401K, committed 162816K, reserved 1196032K
  class space    used 21267K, committed 21952K, reserved 1048576K
}
Event: 720.821 GC heap before
{Heap before GC invocations=64 (full 0):
 garbage-first heap   total 483328K, used 433072K [0x0000000080000000, 0x0000000100000000)
  region size 1024K, 138 young (141312K), 2 survivors (2048K)
 Metaspace       used 161779K, committed 163136K, reserved 1196032K
  class space    used 21286K, committed 21952K, reserved 1048576K
}

