# JRE version: OpenJDK Runtime Environment (17.0.6) (build 17.0.6+0-b2043.56-9586694)
# Java VM: OpenJDK 64-Bit Server VM (17.0.6+0-b2043.56-9586694, mixed mode, tiered, compressed oops, compressed class ptrs, g1 gc, windows-amd64)
GC Precious Log:
 CPUs: 4 total, 4 available
 Memory: 8025M
 Large Page Support: Disabled
 NUMA Support: Disabled
 Compressed Oops: Enabled (32-bit)
 Heap Region Size: 1M
 Heap Min Capacity: 8M
 Heap Initial Capacity: 126M
 Heap Max Capacity: 2G
 Pre-touch: Disabled
 Parallel Workers: 4
 Concurrent Workers: 1
 Concurrent Refinement Workers: 4
 Periodic GC: Disabled
Heap:
 garbage-first heap   total 533504K, used 413601K [0x0000000080000000, 0x0000000100000000)
  region size 1024K, 14 young (14336K), 4 survivors (4096K)
 Metaspace       used 171235K, committed 172544K, reserved 1204224K
  class space    used 22530K, committed 23168K, reserved 1048576K
GC Heap History (20 events):
Event: 863.492 GC heap before
{Heap before GC invocations=66 (full 0):
 garbage-first heap   total 523264K, used 460375K [0x0000000080000000, 0x0000000100000000)
  region size 1024K, 131 young (134144K), 8 survivors (8192K)
 Metaspace       used 170709K, committed 172032K, reserved 1204224K
  class space    used 22518K, committed 23168K, reserved 1048576K
}
Event: 863.501 GC heap after
{Heap after GC invocations=67 (full 0):
 garbage-first heap   total 523264K, used 334423K [0x0000000080000000, 0x0000000100000000)
  region size 1024K, 7 young (7168K), 7 survivors (7168K)
 Metaspace       used 170709K, committed 172032K, reserved 1204224K
  class space    used 22518K, committed 23168K, reserved 1048576K
}
Event: 863.897 GC heap before
{Heap before GC invocations=67 (full 0):
 garbage-first heap   total 523264K, used 461399K [0x0000000080000000, 0x0000000100000000)
  region size 1024K, 132 young (135168K), 7 survivors (7168K)
 Metaspace       used 170741K, committed 172032K, reserved 1204224K
  class space    used 22518K, committed 23168K, reserved 1048576K
}
Event: 863.910 GC heap after
{Heap after GC invocations=68 (full 0):
 garbage-first heap   total 523264K, used 335125K [0x0000000080000000, 0x0000000100000000)
  region size 1024K, 8 young (8192K), 8 survivors (8192K)
 Metaspace       used 170741K, committed 172032K, reserved 1204224K
  class space    used 22518K, committed 23168K, reserved 1048576K
}
Event: 864.322 GC heap before
{Heap before GC invocations=68 (full 0):
 garbage-first heap   total 523264K, used 460053K [0x0000000080000000, 0x0000000100000000)
  region size 1024K, 131 young (134144K), 8 survivors (8192K)
 Metaspace       used 170787K, committed 172096K, reserved 1204224K
  class space    used 22525K, committed 23168K, reserved 1048576K
}
Event: 864.331 GC heap after
{Heap after GC invocations=69 (full 0):
 garbage-first heap   total 523264K, used 334099K [0x0000000080000000, 0x0000000100000000)
  region size 1024K, 7 young (7168K), 7 survivors (7168K)
 Metaspace       used 170787K, committed 172096K, reserved 1204224K
  class space    used 22525K, committed 23168K, reserved 1048576K
}
Event: 864.718 GC heap before
{Heap before GC invocations=69 (full 0):
 garbage-first heap   total 523264K, used 461075K [0x0000000080000000, 0x0000000100000000)
  region size 1024K, 132 young (135168K), 7 survivors (7168K)
 Metaspace       used 170824K, committed 172096K, reserved 1204224K
  class space    used 22528K, committed 23168K, reserved 1048576K
}
Event: 864.727 GC heap after
{Heap after GC invocations=70 (full 0):
 garbage-first heap   total 523264K, used 334346K [0x0000000080000000, 0x0000000100000000)
  region size 1024K, 7 young (7168K), 7 survivors (7168K)
 Metaspace       used 170824K, committed 172096K, reserved 1204224K
  class space    used 22528K, committed 23168K, reserved 1048576K
}
Event: 865.306 GC heap before
{Heap before GC invocations=70 (full 0):
 garbage-first heap   total 523264K, used 461322K [0x0000000080000000, 0x0000000100000000)
  region size 1024K, 132 young (135168K), 7 survivors (7168K)
 Metaspace       used 170859K, committed 172160K, reserved 1204224K
  class space    used 22531K, committed 23168K, reserved 1048576K
}
Event: 865.316 GC heap after
{Heap after GC invocations=71 (full 0):
 garbage-first heap   total 523264K, used 334423K [0x0000000080000000, 0x0000000100000000)
  region size 1024K, 7 young (7168K), 7 survivors (7168K)
 Metaspace       used 170859K, committed 172160K, reserved 1204224K
  class space    used 22531K, committed 23168K, reserved 1048576K
}
Event: 866.702 GC heap before
{Heap before GC invocations=71 (full 0):
 garbage-first heap   total 523264K, used 482903K [0x0000000080000000, 0x0000000100000000)
  region size 1024K, 129 young (132096K), 7 survivors (7168K)
 Metaspace       used 170949K, committed 172224K, reserved 1204224K
  class space    used 22535K, committed 23168K, reserved 1048576K
}
Event: 866.715 GC heap after
{Heap after GC invocations=72 (full 0):
 garbage-first heap   total 523264K, used 355927K [0x0000000080000000, 0x0000000100000000)
  region size 1024K, 13 young (13312K), 13 survivors (13312K)
 Metaspace       used 170949K, committed 172224K, reserved 1204224K
  class space    used 22535K, committed 23168K, reserved 1048576K
}
Event: 867.282 GC heap before
{Heap before GC invocations=72 (full 0):
 garbage-first heap   total 523264K, used 476759K [0x0000000080000000, 0x0000000100000000)
  region size 1024K, 111 young (113664K), 13 survivors (13312K)
 Metaspace       used 171071K, committed 172352K, reserved 1204224K
  class space    used 22537K, committed 23168K, reserved 1048576K
}
Event: 867.354 GC heap after
{Heap after GC invocations=73 (full 0):
 garbage-first heap   total 533504K, used 407452K [0x0000000080000000, 0x0000000100000000)
  region size 1024K, 14 young (14336K), 14 survivors (14336K)
 Metaspace       used 171071K, committed 172352K, reserved 1204224K
  class space    used 22537K, committed 23168K, reserved 1048576K
}
Event: 867.527 GC heap before
{Heap before GC invocations=73 (full 0):
 garbage-first heap   total 533504K, used 447388K [0x0000000080000000, 0x0000000100000000)
  region size 1024K, 54 young (55296K), 14 survivors (14336K)
 Metaspace       used 171098K, committed 172352K, reserved 1204224K
  class space    used 22537K, committed 23168K, reserved 1048576K
}
Event: 867.586 GC heap after
{Heap after GC invocations=74 (full 0):
 garbage-first heap   total 533504K, used 429568K [0x0000000080000000, 0x0000000100000000)
  region size 1024K, 7 young (7168K), 7 survivors (7168K)
 Metaspace       used 171098K, committed 172352K, reserved 1204224K
  class space    used 22537K, committed 23168K, reserved 1048576K
}
Event: 867.916 GC heap before
{Heap before GC invocations=74 (full 0):
 garbage-first heap   total 533504K, used 452096K [0x0000000080000000, 0x0000000100000000)
  region size 1024K, 30 young (30720K), 7 survivors (7168K)
 Metaspace       used 171256K, committed 172544K, reserved 1204224K
  class space    used 22544K, committed 23168K, reserved 1048576K
}
Event: 867.943 GC heap after
{Heap after GC invocations=75 (full 0):
 garbage-first heap   total 533504K, used 433856K [0x0000000080000000, 0x0000000100000000)
  region size 1024K, 4 young (4096K), 4 survivors (4096K)
 Metaspace       used 171256K, committed 172544K, reserved 1204224K
  class space    used 22544K, committed 23168K, reserved 1048576K
}
Event: 868.170 GC heap before
{Heap before GC invocations=75 (full 0):
 garbage-first heap   total 533504K, used 456384K [0x0000000080000000, 0x0000000100000000)
  region size 1024K, 27 young (27648K), 4 survivors (4096K)
 Metaspace       used 171267K, committed 172544K, reserved 1204224K
  class space    used 22544K, committed 23168K, reserved 1048576K
}
Event: 868.185 GC heap after
{Heap after GC invocations=76 (full 0):
 garbage-first heap   total 533504K, used 438177K [0x0000000080000000, 0x0000000100000000)
  region size 1024K, 4 young (4096K), 4 survivors (4096K)
 Metaspace       used 171267K, committed 172544K, reserved 1204224K
  class space    used 22544K, committed 23168K, reserved 1048576K
}

